2023/03/25 15:31:33 config.go:106: 平台启动
2023/03/25 15:31:52 adminCtrl.go:58: admin login
2023/03/25 20:11:52 config.go:106: 平台启动
2023/03/25 20:14:29 adminCtrl.go:58: admin login
2023/03/25 20:14:29 authMW.go:38: 权限不足
2023/03/25 20:14:30 authMW.go:38: 权限不足
2023/03/25 20:14:43 authMW.go:38: 权限不足
2023/03/25 20:16:19 config.go:108: 读取设置
2023/03/25 20:16:19 config.go:98: 回合数不为整数，请重设时间
2023/03/25 20:16:48 config.go:108: 读取设置
2023/03/25 20:16:48 config.go:98: 回合数不为整数，请重设时间
2023/03/25 20:17:04 config.go:108: 读取设置
2023/03/25 20:17:13 config.go:108: 读取设置
2023/03/26 10:49:31 config.go:108: 读取设置
2023/04/22 16:40:47 config.go:108: 读取设置
2023/04/22 16:43:15 adminCtrl.go:58: admin login
2023/04/22 16:43:15 authMW.go:40: 权限不足
2023/04/22 16:43:22 authMW.go:40: 权限不足
2023/04/22 16:43:23 authMW.go:40: 权限不足
2023/04/22 17:51:09 config.go:108: 读取设置
2023/04/22 18:34:26 adminCtrl.go:58: admin login
2023/04/22 18:34:26 authMW.go:40: 权限不足
2023/04/22 18:34:27 authMW.go:40: 权限不足
2023/04/22 18:34:28 authMW.go:40: 权限不足
2023/04/22 18:34:28 authMW.go:40: 权限不足
2023/04/22 18:34:28 authMW.go:40: 权限不足
2023/04/22 18:34:28 authMW.go:40: 权限不足
2023/04/22 18:34:28 authMW.go:40: 权限不足
2023/04/22 18:34:35 authMW.go:40: 权限不足
2023/04/22 18:34:57 imageCtrl.go:79: error during connect: Get "http://192.168.154.128:2375/v1.41/images/json": dial tcp 192.168.154.128:2375: connectex: A connection attempt failed because the connected party did not properly respond after a period of time, or established connection failed because connected host has failed to respond.
2023/04/22 20:15:57 config.go:108: 读取设置
2023/04/22 20:20:49 authMW.go:40: 权限不足
2023/04/22 20:20:57 adminCtrl.go:58: admin login
2023/04/22 20:23:03 authMW.go:40: 权限不足
2023/04/22 20:23:03 authMW.go:40: 权限不足
2023/04/22 20:23:03 authMW.go:40: 权限不足
2023/04/22 20:23:04 authMW.go:40: 权限不足
2023/04/22 20:23:04 authMW.go:40: 权限不足
2023/04/22 20:23:04 authMW.go:40: 权限不足
2023/04/22 20:23:04 authMW.go:40: 权限不足
2023/04/22 20:23:04 authMW.go:40: 权限不足
2023/04/22 20:23:05 authMW.go:40: 权限不足
2023/04/22 20:23:05 authMW.go:40: 权限不足
2023/04/22 20:23:05 authMW.go:40: 权限不足
2023/04/22 20:23:05 authMW.go:40: 权限不足
2023/04/22 20:23:06 authMW.go:40: 权限不足
2023/04/22 20:23:06 authMW.go:40: 权限不足
2023/04/22 20:23:06 authMW.go:40: 权限不足
2023/04/22 20:23:06 authMW.go:40: 权限不足
2023/04/22 20:23:06 authMW.go:40: 权限不足
2023/04/22 20:23:07 authMW.go:40: 权限不足
2023/04/22 20:23:07 authMW.go:40: 权限不足
2023/04/22 20:23:07 authMW.go:40: 权限不足
2023/04/22 20:23:07 authMW.go:40: 权限不足
2023/04/22 20:23:07 authMW.go:40: 权限不足
2023/04/22 20:23:08 authMW.go:40: 权限不足
2023/04/22 20:23:08 authMW.go:40: 权限不足
2023/04/22 20:23:08 authMW.go:40: 权限不足
2023/04/22 20:23:08 authMW.go:40: 权限不足
2023/04/22 20:23:09 authMW.go:40: 权限不足
2023/04/22 20:23:09 authMW.go:40: 权限不足
2023/04/22 20:23:09 authMW.go:40: 权限不足
2023/04/22 20:23:09 authMW.go:40: 权限不足
2023/04/22 20:23:09 authMW.go:40: 权限不足
2023/04/22 20:23:10 authMW.go:40: 权限不足
2023/04/22 20:23:10 authMW.go:40: 权限不足
2023/04/22 20:23:10 authMW.go:40: 权限不足
2023/04/22 20:23:10 authMW.go:40: 权限不足
2023/04/22 20:23:10 authMW.go:40: 权限不足
2023/04/22 20:23:11 authMW.go:40: 权限不足
2023/04/22 20:23:11 authMW.go:40: 权限不足
2023/04/22 20:23:11 authMW.go:40: 权限不足
2023/04/22 20:23:11 authMW.go:40: 权限不足
2023/04/22 20:23:12 authMW.go:40: 权限不足
2023/04/22 20:23:12 authMW.go:40: 权限不足
2023/04/22 20:23:12 authMW.go:40: 权限不足
2023/04/22 20:23:12 authMW.go:40: 权限不足
2023/04/22 20:23:12 authMW.go:40: 权限不足
2023/04/22 20:23:13 authMW.go:40: 权限不足
2023/04/22 20:23:13 authMW.go:40: 权限不足
2023/04/22 20:23:13 authMW.go:40: 权限不足
2023/04/22 20:23:13 authMW.go:40: 权限不足
2023/04/22 20:23:13 authMW.go:40: 权限不足
2023/04/22 20:23:14 authMW.go:40: 权限不足
2023/04/22 20:23:14 authMW.go:40: 权限不足
2023/04/22 20:23:14 authMW.go:40: 权限不足
2023/04/22 20:23:14 authMW.go:40: 权限不足
2023/04/22 20:23:14 authMW.go:40: 权限不足
2023/04/22 20:23:15 authMW.go:40: 权限不足
2023/04/22 20:23:15 authMW.go:40: 权限不足
2023/04/22 20:23:15 authMW.go:40: 权限不足
2023/04/22 20:23:15 authMW.go:40: 权限不足
2023/04/22 20:23:16 authMW.go:40: 权限不足
2023/04/22 20:23:16 authMW.go:40: 权限不足
2023/04/22 20:23:16 authMW.go:40: 权限不足
2023/04/22 20:23:16 authMW.go:40: 权限不足
2023/04/22 20:23:16 authMW.go:40: 权限不足
2023/04/22 20:23:17 authMW.go:40: 权限不足
2023/04/22 20:23:17 authMW.go:40: 权限不足
2023/04/22 20:23:17 authMW.go:40: 权限不足
2023/04/22 20:23:17 authMW.go:40: 权限不足
2023/04/22 20:23:17 authMW.go:40: 权限不足
2023/04/22 20:23:18 authMW.go:40: 权限不足
2023/04/22 20:23:18 authMW.go:40: 权限不足
2023/04/22 20:23:18 authMW.go:40: 权限不足
2023/04/22 20:23:18 authMW.go:40: 权限不足
2023/04/22 20:23:18 authMW.go:40: 权限不足
2023/04/22 20:23:19 authMW.go:40: 权限不足
2023/04/22 20:23:19 authMW.go:40: 权限不足
2023/04/22 20:23:19 authMW.go:40: 权限不足
2023/04/22 20:23:19 authMW.go:40: 权限不足
2023/04/22 20:23:20 authMW.go:40: 权限不足
2023/04/22 20:23:20 authMW.go:40: 权限不足
2023/04/22 20:23:20 authMW.go:40: 权限不足
2023/04/22 20:23:20 authMW.go:40: 权限不足
2023/04/22 20:23:28 config.go:108: 读取设置
2023/04/22 20:23:28 authMW.go:40: 权限不足
2023/04/22 20:23:28 authMW.go:40: 权限不足
2023/04/22 20:23:29 authMW.go:40: 权限不足
2023/04/22 20:23:29 authMW.go:40: 权限不足
2023/04/22 20:23:29 authMW.go:40: 权限不足
2023/04/22 20:23:29 authMW.go:40: 权限不足
2023/04/22 20:23:29 authMW.go:40: 权限不足
2023/04/22 20:23:30 authMW.go:40: 权限不足
2023/04/22 20:37:39 config.go:108: 读取设置
2023/04/22 20:37:52 adminCtrl.go:58: admin login
2023/04/22 20:42:03 adminCtrl.go:58: admin login
2023/04/22 23:51:49 config.go:108: 读取设置
2023/04/22 23:53:30 config.go:108: 读取设置
2023/04/22 23:53:42 adminCtrl.go:58: admin login
2023/04/22 23:54:05 adminCtrl.go:58: admin login
2023/04/22 23:54:11 config.go:108: 读取设置
2023/04/22 23:54:51 adminCtrl.go:58: admin login
2023/04/22 23:54:51 authMW.go:40: 权限不足
2023/04/22 23:54:51 authMW.go:40: 权限不足
2023/04/22 23:54:51 authMW.go:40: 权限不足
2023/04/22 23:54:51 authMW.go:40: 权限不足
2023/04/22 23:54:51 authMW.go:40: 权限不足
2023/04/22 23:54:51 authMW.go:40: 权限不足
2023/04/22 23:54:51 authMW.go:40: 权限不足
2023/04/22 23:54:51 authMW.go:40: 权限不足
2023/04/22 23:54:51 authMW.go:40: 权限不足
2023/04/22 23:54:51 authMW.go:40: 权限不足
2023/04/22 23:54:51 authMW.go:40: 权限不足
2023/04/22 23:54:51 authMW.go:40: 权限不足
2023/04/22 23:54:51 authMW.go:40: 权限不足
2023/04/22 23:54:51 authMW.go:40: 权限不足
2023/04/22 23:54:51 authMW.go:40: 权限不足
2023/04/22 23:54:51 authMW.go:40: 权限不足
2023/04/22 23:54:51 authMW.go:40: 权限不足
2023/04/22 23:54:51 authMW.go:40: 权限不足
2023/04/22 23:54:51 authMW.go:40: 权限不足
2023/04/22 23:54:51 authMW.go:40: 权限不足
2023/04/22 23:54:51 authMW.go:40: 权限不足
2023/04/22 23:54:51 authMW.go:40: 权限不足
2023/04/22 23:54:51 authMW.go:40: 权限不足
2023/04/22 23:54:51 authMW.go:40: 权限不足
2023/04/22 23:54:51 authMW.go:40: 权限不足
2023/04/22 23:54:51 authMW.go:40: 权限不足
2023/04/22 23:54:51 authMW.go:40: 权限不足
2023/04/22 23:54:51 authMW.go:40: 权限不足
2023/04/22 23:54:51 authMW.go:40: 权限不足
2023/04/22 23:54:51 authMW.go:40: 权限不足
2023/04/22 23:54:51 authMW.go:40: 权限不足
2023/04/22 23:54:51 authMW.go:40: 权限不足
2023/04/22 23:54:51 authMW.go:40: 权限不足
2023/04/22 23:54:51 authMW.go:40: 权限不足
2023/04/22 23:54:51 authMW.go:40: 权限不足
2023/04/22 23:54:51 authMW.go:40: 权限不足
2023/04/22 23:54:51 authMW.go:40: 权限不足
2023/04/22 23:54:51 authMW.go:40: 权限不足
2023/04/22 23:54:51 authMW.go:40: 权限不足
2023/04/22 23:54:51 authMW.go:40: 权限不足
2023/04/22 23:54:51 authMW.go:40: 权限不足
2023/04/22 23:54:51 authMW.go:40: 权限不足
2023/04/22 23:54:51 authMW.go:40: 权限不足
2023/04/22 23:54:51 authMW.go:40: 权限不足
2023/04/22 23:54:51 authMW.go:40: 权限不足
2023/04/22 23:54:51 authMW.go:40: 权限不足
2023/04/22 23:54:51 authMW.go:40: 权限不足
2023/04/22 23:54:51 authMW.go:40: 权限不足
2023/04/22 23:54:51 authMW.go:40: 权限不足
2023/04/22 23:54:51 authMW.go:40: 权限不足
2023/04/22 23:54:51 authMW.go:40: 权限不足
2023/04/22 23:54:51 authMW.go:40: 权限不足
2023/04/22 23:54:51 authMW.go:40: 权限不足
2023/04/22 23:54:51 authMW.go:40: 权限不足
2023/04/22 23:54:51 authMW.go:40: 权限不足
2023/04/22 23:54:51 authMW.go:40: 权限不足
2023/04/22 23:54:51 authMW.go:40: 权限不足
2023/04/22 23:54:51 authMW.go:40: 权限不足
2023/04/22 23:54:51 authMW.go:40: 权限不足
2023/04/22 23:54:51 authMW.go:40: 权限不足
2023/04/22 23:54:51 authMW.go:40: 权限不足
2023/04/22 23:54:51 authMW.go:40: 权限不足
2023/04/22 23:54:51 authMW.go:40: 权限不足
2023/04/22 23:54:51 authMW.go:40: 权限不足
2023/04/22 23:54:51 authMW.go:40: 权限不足
2023/04/22 23:54:51 authMW.go:40: 权限不足
2023/04/22 23:54:51 authMW.go:40: 权限不足
2023/04/22 23:54:51 authMW.go:40: 权限不足
2023/04/22 23:54:51 authMW.go:40: 权限不足
2023/04/22 23:54:51 authMW.go:40: 权限不足
2023/04/22 23:54:51 authMW.go:40: 权限不足
2023/04/22 23:54:51 authMW.go:40: 权限不足
2023/04/22 23:54:51 authMW.go:40: 权限不足
2023/04/22 23:54:51 authMW.go:40: 权限不足
2023/04/22 23:54:51 authMW.go:40: 权限不足
2023/04/22 23:54:51 authMW.go:40: 权限不足
2023/04/22 23:54:51 authMW.go:40: 权限不足
2023/04/22 23:54:51 authMW.go:40: 权限不足
2023/04/22 23:54:51 authMW.go:40: 权限不足
2023/04/22 23:54:51 authMW.go:40: 权限不足
2023/04/22 23:54:51 authMW.go:40: 权限不足
2023/04/22 23:54:51 authMW.go:40: 权限不足
2023/04/22 23:54:51 authMW.go:40: 权限不足
2023/04/22 23:54:51 authMW.go:40: 权限不足
2023/04/22 23:54:51 authMW.go:40: 权限不足
2023/04/22 23:54:51 authMW.go:40: 权限不足
2023/04/22 23:54:51 authMW.go:40: 权限不足
2023/04/22 23:54:51 authMW.go:40: 权限不足
2023/04/22 23:54:51 authMW.go:40: 权限不足
2023/04/22 23:54:51 authMW.go:40: 权限不足
2023/04/22 23:54:51 authMW.go:40: 权限不足
2023/04/22 23:54:51 authMW.go:40: 权限不足
2023/04/22 23:54:51 authMW.go:40: 权限不足
2023/04/22 23:54:51 authMW.go:40: 权限不足
2023/04/22 23:54:51 authMW.go:40: 权限不足
2023/04/22 23:54:51 authMW.go:40: 权限不足
2023/04/22 23:54:51 authMW.go:40: 权限不足
2023/04/22 23:54:51 authMW.go:40: 权限不足
2023/04/22 23:54:51 authMW.go:40: 权限不足
2023/04/22 23:54:51 authMW.go:40: 权限不足
2023/04/22 23:54:51 authMW.go:40: 权限不足
2023/04/22 23:54:51 authMW.go:40: 权限不足
2023/04/22 23:54:51 authMW.go:40: 权限不足
2023/04/22 23:54:51 authMW.go:40: 权限不足
2023/04/22 23:54:51 authMW.go:40: 权限不足
2023/04/22 23:54:51 authMW.go:40: 权限不足
2023/04/22 23:54:51 authMW.go:40: 权限不足
2023/04/22 23:54:51 authMW.go:40: 权限不足
2023/04/22 23:54:51 authMW.go:40: 权限不足
2023/04/22 23:54:51 authMW.go:40: 权限不足
2023/04/22 23:54:51 authMW.go:40: 权限不足
2023/04/22 23:54:51 authMW.go:40: 权限不足
2023/04/22 23:54:51 authMW.go:40: 权限不足
2023/04/22 23:54:51 authMW.go:40: 权限不足
2023/04/22 23:54:51 authMW.go:40: 权限不足
2023/04/22 23:54:51 authMW.go:40: 权限不足
2023/04/22 23:54:51 authMW.go:40: 权限不足
2023/04/22 23:54:51 authMW.go:40: 权限不足
2023/04/22 23:54:51 authMW.go:40: 权限不足
2023/04/22 23:54:51 authMW.go:40: 权限不足
2023/04/22 23:54:51 authMW.go:40: 权限不足
2023/04/22 23:54:51 authMW.go:40: 权限不足
2023/04/22 23:54:51 authMW.go:40: 权限不足
2023/04/22 23:54:51 authMW.go:40: 权限不足
2023/04/22 23:54:51 authMW.go:40: 权限不足
2023/04/22 23:54:51 authMW.go:40: 权限不足
2023/04/22 23:54:51 authMW.go:40: 权限不足
2023/04/22 23:54:51 authMW.go:40: 权限不足
2023/04/22 23:54:51 authMW.go:40: 权限不足
2023/04/22 23:54:51 authMW.go:40: 权限不足
2023/04/22 23:54:51 authMW.go:40: 权限不足
2023/04/22 23:54:51 authMW.go:40: 权限不足
2023/04/22 23:54:51 authMW.go:40: 权限不足
2023/04/22 23:54:51 authMW.go:40: 权限不足
2023/04/22 23:54:51 authMW.go:40: 权限不足
2023/04/22 23:54:51 authMW.go:40: 权限不足
2023/04/22 23:54:51 authMW.go:40: 权限不足
2023/04/22 23:54:51 authMW.go:40: 权限不足
2023/04/22 23:54:51 authMW.go:40: 权限不足
2023/04/22 23:54:51 authMW.go:40: 权限不足
2023/04/22 23:54:51 authMW.go:40: 权限不足
2023/04/22 23:54:51 authMW.go:40: 权限不足
2023/04/22 23:54:51 authMW.go:40: 权限不足
2023/04/22 23:54:51 authMW.go:40: 权限不足
2023/04/22 23:54:51 authMW.go:40: 权限不足
2023/04/22 23:54:51 authMW.go:40: 权限不足
2023/04/22 23:54:51 authMW.go:40: 权限不足
2023/04/22 23:54:51 authMW.go:40: 权限不足
2023/04/22 23:54:51 authMW.go:40: 权限不足
2023/04/22 23:54:51 authMW.go:40: 权限不足
2023/04/22 23:54:51 authMW.go:40: 权限不足
2023/04/22 23:54:51 authMW.go:40: 权限不足
2023/04/22 23:54:51 authMW.go:40: 权限不足
2023/04/22 23:54:51 authMW.go:40: 权限不足
2023/04/22 23:54:51 authMW.go:40: 权限不足
2023/04/22 23:54:51 authMW.go:40: 权限不足
2023/04/22 23:54:51 authMW.go:40: 权限不足
2023/04/22 23:54:51 authMW.go:40: 权限不足
2023/04/22 23:54:51 authMW.go:40: 权限不足
2023/04/22 23:54:51 authMW.go:40: 权限不足
2023/04/22 23:54:51 authMW.go:40: 权限不足
2023/04/22 23:54:51 authMW.go:40: 权限不足
2023/04/22 23:54:51 authMW.go:40: 权限不足
2023/04/22 23:54:51 authMW.go:40: 权限不足
2023/04/22 23:54:51 authMW.go:40: 权限不足
2023/04/22 23:54:51 authMW.go:40: 权限不足
2023/04/22 23:54:51 authMW.go:40: 权限不足
2023/04/22 23:54:51 authMW.go:40: 权限不足
2023/04/22 23:54:51 authMW.go:40: 权限不足
2023/04/22 23:54:51 authMW.go:40: 权限不足
2023/04/22 23:54:51 authMW.go:40: 权限不足
2023/04/22 23:54:51 authMW.go:40: 权限不足
2023/04/22 23:54:51 authMW.go:40: 权限不足
2023/04/22 23:54:51 authMW.go:40: 权限不足
2023/04/22 23:54:51 authMW.go:40: 权限不足
2023/04/22 23:54:51 authMW.go:40: 权限不足
2023/04/22 23:54:51 authMW.go:40: 权限不足
2023/04/22 23:54:51 authMW.go:40: 权限不足
2023/04/22 23:54:51 authMW.go:40: 权限不足
2023/04/22 23:54:51 authMW.go:40: 权限不足
2023/04/22 23:54:51 authMW.go:40: 权限不足
2023/04/22 23:54:51 authMW.go:40: 权限不足
2023/04/22 23:54:51 authMW.go:40: 权限不足
2023/04/22 23:54:51 authMW.go:40: 权限不足
2023/04/22 23:54:51 authMW.go:40: 权限不足
2023/04/22 23:54:51 authMW.go:40: 权限不足
2023/04/22 23:54:51 authMW.go:40: 权限不足
2023/04/22 23:54:51 authMW.go:40: 权限不足
2023/04/22 23:54:51 authMW.go:40: 权限不足
2023/04/22 23:54:51 authMW.go:40: 权限不足
2023/04/22 23:54:51 authMW.go:40: 权限不足
2023/04/22 23:54:51 authMW.go:40: 权限不足
2023/04/22 23:54:51 authMW.go:40: 权限不足
2023/04/22 23:54:51 authMW.go:40: 权限不足
2023/04/22 23:54:51 authMW.go:40: 权限不足
2023/04/22 23:54:51 authMW.go:40: 权限不足
2023/04/22 23:54:51 authMW.go:40: 权限不足
2023/04/22 23:54:51 authMW.go:40: 权限不足
2023/04/22 23:54:51 authMW.go:40: 权限不足
2023/04/22 23:54:51 authMW.go:40: 权限不足
2023/04/22 23:54:51 authMW.go:40: 权限不足
2023/04/22 23:54:51 authMW.go:40: 权限不足
2023/04/22 23:54:51 authMW.go:40: 权限不足
2023/04/22 23:54:51 authMW.go:40: 权限不足
2023/04/22 23:54:51 authMW.go:40: 权限不足
2023/04/22 23:54:51 authMW.go:40: 权限不足
2023/04/22 23:54:51 authMW.go:40: 权限不足
2023/04/22 23:54:51 authMW.go:40: 权限不足
2023/04/22 23:54:51 authMW.go:40: 权限不足
2023/04/22 23:54:51 authMW.go:40: 权限不足
2023/04/22 23:54:51 authMW.go:40: 权限不足
2023/04/22 23:54:51 authMW.go:40: 权限不足
2023/04/22 23:54:51 authMW.go:40: 权限不足
2023/04/22 23:54:51 authMW.go:40: 权限不足
2023/04/22 23:54:51 authMW.go:40: 权限不足
2023/04/22 23:54:51 authMW.go:40: 权限不足
2023/04/22 23:54:51 authMW.go:40: 权限不足
2023/04/22 23:54:51 authMW.go:40: 权限不足
2023/04/22 23:54:51 authMW.go:40: 权限不足
2023/04/22 23:54:51 authMW.go:40: 权限不足
2023/04/22 23:54:51 authMW.go:40: 权限不足
2023/04/22 23:54:51 authMW.go:40: 权限不足
2023/04/22 23:54:51 authMW.go:40: 权限不足
2023/04/22 23:54:51 authMW.go:40: 权限不足
2023/04/22 23:54:51 authMW.go:40: 权限不足
2023/04/22 23:54:51 authMW.go:40: 权限不足
2023/04/22 23:54:51 authMW.go:40: 权限不足
2023/04/22 23:54:51 authMW.go:40: 权限不足
2023/04/22 23:54:51 authMW.go:40: 权限不足
2023/04/22 23:54:51 authMW.go:40: 权限不足
2023/04/22 23:54:51 authMW.go:40: 权限不足
2023/04/22 23:54:51 authMW.go:40: 权限不足
2023/04/22 23:54:51 authMW.go:40: 权限不足
2023/04/22 23:54:51 authMW.go:40: 权限不足
2023/04/22 23:54:51 authMW.go:40: 权限不足
2023/04/22 23:54:51 authMW.go:40: 权限不足
2023/04/22 23:54:51 authMW.go:40: 权限不足
2023/04/22 23:54:51 authMW.go:40: 权限不足
2023/04/22 23:54:51 authMW.go:40: 权限不足
2023/04/22 23:54:51 authMW.go:40: 权限不足
2023/04/22 23:54:51 authMW.go:40: 权限不足
2023/04/22 23:54:51 authMW.go:40: 权限不足
2023/04/22 23:54:51 authMW.go:40: 权限不足
2023/04/22 23:54:51 authMW.go:40: 权限不足
2023/04/22 23:54:51 authMW.go:40: 权限不足
2023/04/22 23:54:51 authMW.go:40: 权限不足
2023/04/22 23:54:51 authMW.go:40: 权限不足
2023/04/22 23:54:51 authMW.go:40: 权限不足
2023/04/22 23:54:51 authMW.go:40: 权限不足
2023/04/22 23:54:51 authMW.go:40: 权限不足
2023/04/22 23:54:51 authMW.go:40: 权限不足
2023/04/22 23:54:51 authMW.go:40: 权限不足
2023/04/22 23:54:51 authMW.go:40: 权限不足
2023/04/22 23:54:51 authMW.go:40: 权限不足
2023/04/22 23:54:51 authMW.go:40: 权限不足
2023/04/22 23:54:51 authMW.go:40: 权限不足
2023/04/22 23:54:51 authMW.go:40: 权限不足
2023/04/22 23:54:51 authMW.go:40: 权限不足
2023/04/22 23:54:51 authMW.go:40: 权限不足
2023/04/22 23:54:51 authMW.go:40: 权限不足
2023/04/22 23:54:51 authMW.go:40: 权限不足
2023/04/22 23:54:51 authMW.go:40: 权限不足
2023/04/22 23:54:51 authMW.go:40: 权限不足
2023/04/22 23:54:51 authMW.go:40: 权限不足
2023/04/22 23:54:51 authMW.go:40: 权限不足
2023/04/22 23:54:51 authMW.go:40: 权限不足
2023/04/22 23:54:51 authMW.go:40: 权限不足
2023/04/22 23:54:51 authMW.go:40: 权限不足
2023/04/22 23:54:51 authMW.go:40: 权限不足
2023/04/22 23:54:51 authMW.go:40: 权限不足
2023/04/22 23:54:51 authMW.go:40: 权限不足
2023/04/22 23:54:51 authMW.go:40: 权限不足
2023/04/22 23:54:51 authMW.go:40: 权限不足
2023/04/22 23:54:51 authMW.go:40: 权限不足
2023/04/22 23:54:51 authMW.go:40: 权限不足
2023/04/22 23:54:51 authMW.go:40: 权限不足
2023/04/22 23:54:51 authMW.go:40: 权限不足
2023/04/22 23:54:51 authMW.go:40: 权限不足
2023/04/22 23:54:51 authMW.go:40: 权限不足
2023/04/22 23:54:51 authMW.go:40: 权限不足
2023/04/22 23:54:51 authMW.go:40: 权限不足
2023/04/22 23:54:51 authMW.go:40: 权限不足
2023/04/22 23:54:51 authMW.go:40: 权限不足
2023/04/22 23:54:51 authMW.go:40: 权限不足
2023/04/22 23:54:51 authMW.go:40: 权限不足
2023/04/22 23:54:51 authMW.go:40: 权限不足
2023/04/22 23:54:51 authMW.go:40: 权限不足
2023/04/22 23:54:51 authMW.go:40: 权限不足
2023/04/22 23:54:51 authMW.go:40: 权限不足
2023/04/22 23:54:51 authMW.go:40: 权限不足
2023/04/22 23:54:51 authMW.go:40: 权限不足
2023/04/22 23:54:51 authMW.go:40: 权限不足
2023/04/22 23:54:51 authMW.go:40: 权限不足
2023/04/22 23:54:51 authMW.go:40: 权限不足
2023/04/22 23:54:51 authMW.go:40: 权限不足
2023/04/22 23:54:51 authMW.go:40: 权限不足
2023/04/22 23:54:51 authMW.go:40: 权限不足
2023/04/22 23:54:51 authMW.go:40: 权限不足
2023/04/22 23:54:51 authMW.go:40: 权限不足
2023/04/22 23:54:51 authMW.go:40: 权限不足
2023/04/22 23:54:51 authMW.go:40: 权限不足
2023/04/22 23:54:51 authMW.go:40: 权限不足
2023/04/22 23:54:51 authMW.go:40: 权限不足
2023/04/22 23:54:51 authMW.go:40: 权限不足
2023/04/22 23:54:51 authMW.go:40: 权限不足
2023/04/22 23:54:51 authMW.go:40: 权限不足
2023/04/22 23:54:51 authMW.go:40: 权限不足
2023/04/22 23:54:51 authMW.go:40: 权限不足
2023/04/22 23:54:51 authMW.go:40: 权限不足
2023/04/22 23:54:51 authMW.go:40: 权限不足
2023/04/22 23:54:51 authMW.go:40: 权限不足
2023/04/22 23:54:51 authMW.go:40: 权限不足
2023/04/22 23:54:51 authMW.go:40: 权限不足
2023/04/22 23:54:51 authMW.go:40: 权限不足
2023/04/22 23:54:51 authMW.go:40: 权限不足
2023/04/22 23:54:51 authMW.go:40: 权限不足
2023/04/22 23:54:51 authMW.go:40: 权限不足
2023/04/22 23:54:51 authMW.go:40: 权限不足
2023/04/22 23:54:51 authMW.go:40: 权限不足
2023/04/22 23:54:51 authMW.go:40: 权限不足
2023/04/22 23:54:51 authMW.go:40: 权限不足
2023/04/22 23:54:51 authMW.go:40: 权限不足
2023/04/22 23:54:51 authMW.go:40: 权限不足
2023/04/22 23:54:51 authMW.go:40: 权限不足
2023/04/22 23:54:51 authMW.go:40: 权限不足
2023/04/22 23:54:51 authMW.go:40: 权限不足
2023/04/22 23:54:51 authMW.go:40: 权限不足
2023/04/22 23:54:51 authMW.go:40: 权限不足
2023/04/22 23:54:51 authMW.go:40: 权限不足
2023/04/22 23:54:51 authMW.go:40: 权限不足
2023/04/22 23:54:51 authMW.go:40: 权限不足
2023/04/22 23:54:51 authMW.go:40: 权限不足
2023/04/22 23:54:51 authMW.go:40: 权限不足
2023/04/22 23:54:51 authMW.go:40: 权限不足
2023/04/22 23:54:51 authMW.go:40: 权限不足
2023/04/22 23:54:51 authMW.go:40: 权限不足
2023/04/22 23:54:51 authMW.go:40: 权限不足
2023/04/22 23:54:51 authMW.go:40: 权限不足
2023/04/22 23:54:51 authMW.go:40: 权限不足
2023/04/22 23:54:51 authMW.go:40: 权限不足
2023/04/22 23:54:51 authMW.go:40: 权限不足
2023/04/22 23:54:51 authMW.go:40: 权限不足
2023/04/22 23:54:51 authMW.go:40: 权限不足
2023/04/22 23:54:51 authMW.go:40: 权限不足
2023/04/22 23:54:51 authMW.go:40: 权限不足
2023/04/22 23:54:51 authMW.go:40: 权限不足
2023/04/22 23:54:51 authMW.go:40: 权限不足
2023/04/22 23:54:51 authMW.go:40: 权限不足
2023/04/22 23:54:51 authMW.go:40: 权限不足
2023/04/22 23:54:51 authMW.go:40: 权限不足
2023/04/22 23:54:51 authMW.go:40: 权限不足
2023/04/22 23:54:51 authMW.go:40: 权限不足
2023/04/22 23:54:51 authMW.go:40: 权限不足
2023/04/22 23:54:51 authMW.go:40: 权限不足
2023/04/22 23:54:52 authMW.go:40: 权限不足
2023/04/22 23:54:52 authMW.go:40: 权限不足
2023/04/22 23:54:52 authMW.go:40: 权限不足
2023/04/22 23:54:52 authMW.go:40: 权限不足
2023/04/22 23:54:52 authMW.go:40: 权限不足
2023/04/22 23:54:52 authMW.go:40: 权限不足
2023/04/22 23:54:52 authMW.go:40: 权限不足
2023/04/22 23:54:52 authMW.go:40: 权限不足
2023/04/22 23:54:52 authMW.go:40: 权限不足
2023/04/22 23:54:52 authMW.go:40: 权限不足
2023/04/22 23:54:52 authMW.go:40: 权限不足
2023/04/22 23:54:52 authMW.go:40: 权限不足
2023/04/22 23:54:52 authMW.go:40: 权限不足
2023/04/22 23:54:52 authMW.go:40: 权限不足
2023/04/22 23:54:52 authMW.go:40: 权限不足
2023/04/22 23:54:52 authMW.go:40: 权限不足
2023/04/22 23:54:52 authMW.go:40: 权限不足
2023/04/22 23:54:52 authMW.go:40: 权限不足
2023/04/22 23:54:52 authMW.go:40: 权限不足
2023/04/22 23:54:52 authMW.go:40: 权限不足
2023/04/22 23:54:52 authMW.go:40: 权限不足
2023/04/22 23:54:52 authMW.go:40: 权限不足
2023/04/22 23:54:52 authMW.go:40: 权限不足
2023/04/22 23:54:52 authMW.go:40: 权限不足
2023/04/22 23:54:52 authMW.go:40: 权限不足
2023/04/22 23:54:52 authMW.go:40: 权限不足
2023/04/22 23:54:52 authMW.go:40: 权限不足
2023/04/22 23:54:52 authMW.go:40: 权限不足
2023/04/22 23:54:52 authMW.go:40: 权限不足
2023/04/22 23:54:52 authMW.go:40: 权限不足
2023/04/22 23:54:52 authMW.go:40: 权限不足
2023/04/22 23:54:52 authMW.go:40: 权限不足
2023/04/22 23:54:52 authMW.go:40: 权限不足
2023/04/22 23:54:52 authMW.go:40: 权限不足
2023/04/22 23:54:52 authMW.go:40: 权限不足
2023/04/22 23:54:52 authMW.go:40: 权限不足
2023/04/22 23:54:52 authMW.go:40: 权限不足
2023/04/22 23:54:52 authMW.go:40: 权限不足
2023/04/22 23:54:52 authMW.go:40: 权限不足
2023/04/22 23:54:52 authMW.go:40: 权限不足
2023/04/22 23:54:52 authMW.go:40: 权限不足
2023/04/22 23:54:52 authMW.go:40: 权限不足
2023/04/22 23:54:52 authMW.go:40: 权限不足
2023/04/22 23:54:52 authMW.go:40: 权限不足
2023/04/22 23:54:52 authMW.go:40: 权限不足
2023/04/22 23:54:52 authMW.go:40: 权限不足
2023/04/22 23:54:52 authMW.go:40: 权限不足
2023/04/22 23:54:52 authMW.go:40: 权限不足
2023/04/22 23:54:52 authMW.go:40: 权限不足
2023/04/22 23:54:52 authMW.go:40: 权限不足
2023/04/22 23:54:52 authMW.go:40: 权限不足
2023/04/22 23:54:52 authMW.go:40: 权限不足
2023/04/22 23:54:52 authMW.go:40: 权限不足
2023/04/22 23:54:52 authMW.go:40: 权限不足
2023/04/22 23:54:52 authMW.go:40: 权限不足
2023/04/22 23:54:52 authMW.go:40: 权限不足
2023/04/22 23:54:52 authMW.go:40: 权限不足
2023/04/22 23:54:52 authMW.go:40: 权限不足
2023/04/22 23:54:52 authMW.go:40: 权限不足
2023/04/22 23:54:52 authMW.go:40: 权限不足
2023/04/22 23:54:52 authMW.go:40: 权限不足
2023/04/22 23:54:52 authMW.go:40: 权限不足
2023/04/22 23:54:52 authMW.go:40: 权限不足
2023/04/22 23:54:52 authMW.go:40: 权限不足
2023/04/22 23:54:52 authMW.go:40: 权限不足
2023/04/22 23:54:52 authMW.go:40: 权限不足
2023/04/22 23:54:52 authMW.go:40: 权限不足
2023/04/22 23:54:52 authMW.go:40: 权限不足
2023/04/22 23:54:52 authMW.go:40: 权限不足
2023/04/22 23:54:52 authMW.go:40: 权限不足
2023/04/22 23:54:52 authMW.go:40: 权限不足
2023/04/22 23:54:52 authMW.go:40: 权限不足
2023/04/22 23:54:52 authMW.go:40: 权限不足
2023/04/22 23:54:52 authMW.go:40: 权限不足
2023/04/22 23:54:52 authMW.go:40: 权限不足
2023/04/22 23:54:52 authMW.go:40: 权限不足
2023/04/22 23:54:52 authMW.go:40: 权限不足
2023/04/22 23:54:52 authMW.go:40: 权限不足
2023/04/22 23:54:52 authMW.go:40: 权限不足
2023/04/22 23:54:52 authMW.go:40: 权限不足
2023/04/22 23:54:52 authMW.go:40: 权限不足
2023/04/22 23:54:52 authMW.go:40: 权限不足
2023/04/22 23:54:52 authMW.go:40: 权限不足
2023/04/22 23:54:52 authMW.go:40: 权限不足
2023/04/22 23:54:52 authMW.go:40: 权限不足
2023/04/22 23:54:52 authMW.go:40: 权限不足
2023/04/22 23:54:52 authMW.go:40: 权限不足
2023/04/22 23:54:52 authMW.go:40: 权限不足
2023/04/22 23:54:52 authMW.go:40: 权限不足
2023/04/22 23:54:52 authMW.go:40: 权限不足
2023/04/22 23:54:52 authMW.go:40: 权限不足
2023/04/22 23:54:52 authMW.go:40: 权限不足
2023/04/22 23:54:52 authMW.go:40: 权限不足
2023/04/22 23:54:52 authMW.go:40: 权限不足
2023/04/22 23:54:52 authMW.go:40: 权限不足
2023/04/22 23:54:52 authMW.go:40: 权限不足
2023/04/22 23:54:52 authMW.go:40: 权限不足
2023/04/22 23:54:52 authMW.go:40: 权限不足
2023/04/22 23:54:52 authMW.go:40: 权限不足
2023/04/22 23:54:52 authMW.go:40: 权限不足
2023/04/22 23:54:52 authMW.go:40: 权限不足
2023/04/22 23:54:52 authMW.go:40: 权限不足
2023/04/22 23:54:52 authMW.go:40: 权限不足
2023/04/22 23:54:52 authMW.go:40: 权限不足
2023/04/22 23:54:52 authMW.go:40: 权限不足
2023/04/22 23:54:52 authMW.go:40: 权限不足
2023/04/22 23:54:52 authMW.go:40: 权限不足
2023/04/22 23:54:52 authMW.go:40: 权限不足
2023/04/22 23:54:52 authMW.go:40: 权限不足
2023/04/22 23:54:52 authMW.go:40: 权限不足
2023/04/22 23:54:52 authMW.go:40: 权限不足
2023/04/22 23:54:52 authMW.go:40: 权限不足
2023/04/22 23:54:52 authMW.go:40: 权限不足
2023/04/22 23:54:52 authMW.go:40: 权限不足
2023/04/22 23:54:52 authMW.go:40: 权限不足
2023/04/22 23:54:52 authMW.go:40: 权限不足
2023/04/22 23:54:52 authMW.go:40: 权限不足
2023/04/22 23:54:52 authMW.go:40: 权限不足
2023/04/22 23:54:52 authMW.go:40: 权限不足
2023/04/22 23:54:52 authMW.go:40: 权限不足
2023/04/22 23:54:52 authMW.go:40: 权限不足
2023/04/22 23:54:52 authMW.go:40: 权限不足
2023/04/22 23:54:52 authMW.go:40: 权限不足
2023/04/22 23:54:52 authMW.go:40: 权限不足
2023/04/22 23:54:52 authMW.go:40: 权限不足
2023/04/22 23:54:52 authMW.go:40: 权限不足
2023/04/22 23:54:52 authMW.go:40: 权限不足
2023/04/22 23:54:52 authMW.go:40: 权限不足
2023/04/22 23:54:52 authMW.go:40: 权限不足
2023/04/22 23:54:52 authMW.go:40: 权限不足
2023/04/22 23:54:52 authMW.go:40: 权限不足
2023/04/22 23:54:52 authMW.go:40: 权限不足
2023/04/22 23:54:52 authMW.go:40: 权限不足
2023/04/22 23:54:52 authMW.go:40: 权限不足
2023/04/22 23:54:52 authMW.go:40: 权限不足
2023/04/22 23:54:52 authMW.go:40: 权限不足
2023/04/22 23:54:52 authMW.go:40: 权限不足
2023/04/22 23:54:52 authMW.go:40: 权限不足
2023/04/22 23:54:52 authMW.go:40: 权限不足
2023/04/22 23:54:52 authMW.go:40: 权限不足
2023/04/22 23:54:52 authMW.go:40: 权限不足
2023/04/22 23:54:52 authMW.go:40: 权限不足
2023/04/22 23:54:52 authMW.go:40: 权限不足
2023/04/22 23:54:52 authMW.go:40: 权限不足
2023/04/22 23:54:52 authMW.go:40: 权限不足
2023/04/22 23:54:52 authMW.go:40: 权限不足
2023/04/22 23:54:52 authMW.go:40: 权限不足
2023/04/22 23:54:52 authMW.go:40: 权限不足
2023/04/22 23:54:52 authMW.go:40: 权限不足
2023/04/22 23:54:52 authMW.go:40: 权限不足
2023/04/22 23:54:52 authMW.go:40: 权限不足
2023/04/22 23:54:52 authMW.go:40: 权限不足
2023/04/22 23:54:52 authMW.go:40: 权限不足
2023/04/22 23:54:52 authMW.go:40: 权限不足
2023/04/22 23:54:52 authMW.go:40: 权限不足
2023/04/22 23:54:52 authMW.go:40: 权限不足
2023/04/22 23:54:52 authMW.go:40: 权限不足
2023/04/22 23:54:52 authMW.go:40: 权限不足
2023/04/22 23:54:52 authMW.go:40: 权限不足
2023/04/22 23:54:52 authMW.go:40: 权限不足
2023/04/22 23:54:52 authMW.go:40: 权限不足
2023/04/22 23:54:52 authMW.go:40: 权限不足
2023/04/22 23:54:52 authMW.go:40: 权限不足
2023/04/22 23:54:52 authMW.go:40: 权限不足
2023/04/22 23:54:52 authMW.go:40: 权限不足
2023/04/22 23:54:52 authMW.go:40: 权限不足
2023/04/22 23:54:52 authMW.go:40: 权限不足
2023/04/22 23:54:52 authMW.go:40: 权限不足
2023/04/22 23:54:52 authMW.go:40: 权限不足
2023/04/22 23:54:52 authMW.go:40: 权限不足
2023/04/22 23:54:52 authMW.go:40: 权限不足
2023/04/22 23:54:52 authMW.go:40: 权限不足
2023/04/22 23:54:52 authMW.go:40: 权限不足
2023/04/22 23:54:52 authMW.go:40: 权限不足
2023/04/22 23:54:52 authMW.go:40: 权限不足
2023/04/22 23:54:52 authMW.go:40: 权限不足
2023/04/22 23:54:52 authMW.go:40: 权限不足
2023/04/22 23:54:52 authMW.go:40: 权限不足
2023/04/22 23:54:52 authMW.go:40: 权限不足
2023/04/22 23:54:52 authMW.go:40: 权限不足
2023/04/22 23:54:52 authMW.go:40: 权限不足
2023/04/22 23:54:52 authMW.go:40: 权限不足
2023/04/22 23:54:52 authMW.go:40: 权限不足
2023/04/22 23:54:52 authMW.go:40: 权限不足
2023/04/22 23:54:52 authMW.go:40: 权限不足
2023/04/22 23:54:52 authMW.go:40: 权限不足
2023/04/22 23:54:52 authMW.go:40: 权限不足
2023/04/22 23:54:52 authMW.go:40: 权限不足
2023/04/22 23:54:52 authMW.go:40: 权限不足
2023/04/22 23:54:52 authMW.go:40: 权限不足
2023/04/22 23:54:52 authMW.go:40: 权限不足
2023/04/22 23:54:52 authMW.go:40: 权限不足
2023/04/22 23:54:52 authMW.go:40: 权限不足
2023/04/22 23:54:52 authMW.go:40: 权限不足
2023/04/22 23:54:52 authMW.go:40: 权限不足
2023/04/22 23:54:52 authMW.go:40: 权限不足
2023/04/22 23:54:52 authMW.go:40: 权限不足
2023/04/22 23:54:52 authMW.go:40: 权限不足
2023/04/22 23:54:52 authMW.go:40: 权限不足
2023/04/22 23:54:52 authMW.go:40: 权限不足
2023/04/22 23:54:52 authMW.go:40: 权限不足
2023/04/22 23:54:52 authMW.go:40: 权限不足
2023/04/22 23:54:52 authMW.go:40: 权限不足
2023/04/22 23:54:52 authMW.go:40: 权限不足
2023/04/22 23:54:52 authMW.go:40: 权限不足
2023/04/22 23:54:52 authMW.go:40: 权限不足
2023/04/22 23:54:52 authMW.go:40: 权限不足
2023/04/22 23:54:52 authMW.go:40: 权限不足
2023/04/22 23:54:52 authMW.go:40: 权限不足
2023/04/22 23:54:52 authMW.go:40: 权限不足
2023/04/22 23:54:52 authMW.go:40: 权限不足
2023/04/22 23:54:52 authMW.go:40: 权限不足
2023/04/22 23:54:52 authMW.go:40: 权限不足
2023/04/22 23:54:52 authMW.go:40: 权限不足
2023/04/22 23:54:52 authMW.go:40: 权限不足
2023/04/22 23:54:52 authMW.go:40: 权限不足
2023/04/22 23:54:52 authMW.go:40: 权限不足
2023/04/22 23:54:52 authMW.go:40: 权限不足
2023/04/22 23:54:52 authMW.go:40: 权限不足
2023/04/22 23:54:52 authMW.go:40: 权限不足
2023/04/22 23:54:52 authMW.go:40: 权限不足
2023/04/22 23:54:52 authMW.go:40: 权限不足
2023/04/22 23:54:52 authMW.go:40: 权限不足
2023/04/22 23:54:52 authMW.go:40: 权限不足
2023/04/22 23:54:52 authMW.go:40: 权限不足
2023/04/22 23:54:52 authMW.go:40: 权限不足
2023/04/22 23:54:52 authMW.go:40: 权限不足
2023/04/22 23:54:52 authMW.go:40: 权限不足
2023/04/22 23:54:52 authMW.go:40: 权限不足
2023/04/22 23:54:52 authMW.go:40: 权限不足
2023/04/22 23:54:52 authMW.go:40: 权限不足
2023/04/22 23:54:52 authMW.go:40: 权限不足
2023/04/22 23:54:52 authMW.go:40: 权限不足
2023/04/22 23:54:52 authMW.go:40: 权限不足
2023/04/22 23:54:52 authMW.go:40: 权限不足
2023/04/22 23:54:52 authMW.go:40: 权限不足
2023/04/22 23:54:52 authMW.go:40: 权限不足
2023/04/22 23:54:52 authMW.go:40: 权限不足
2023/04/22 23:54:52 authMW.go:40: 权限不足
2023/04/22 23:54:52 authMW.go:40: 权限不足
2023/04/22 23:54:52 authMW.go:40: 权限不足
2023/04/22 23:54:52 authMW.go:40: 权限不足
2023/04/22 23:54:52 authMW.go:40: 权限不足
2023/04/22 23:54:52 authMW.go:40: 权限不足
2023/04/22 23:54:52 authMW.go:40: 权限不足
2023/04/22 23:54:52 authMW.go:40: 权限不足
2023/04/22 23:54:52 authMW.go:40: 权限不足
2023/04/22 23:54:52 authMW.go:40: 权限不足
2023/04/22 23:54:52 authMW.go:40: 权限不足
2023/04/22 23:54:52 authMW.go:40: 权限不足
2023/04/22 23:54:52 authMW.go:40: 权限不足
2023/04/22 23:54:52 authMW.go:40: 权限不足
2023/04/22 23:54:52 authMW.go:40: 权限不足
2023/04/22 23:54:52 authMW.go:40: 权限不足
2023/04/22 23:54:52 authMW.go:40: 权限不足
2023/04/22 23:54:52 authMW.go:40: 权限不足
2023/04/22 23:54:52 authMW.go:40: 权限不足
2023/04/22 23:54:52 authMW.go:40: 权限不足
2023/04/22 23:54:52 authMW.go:40: 权限不足
2023/04/22 23:54:52 authMW.go:40: 权限不足
2023/04/22 23:54:52 authMW.go:40: 权限不足
2023/04/22 23:54:52 authMW.go:40: 权限不足
2023/04/22 23:54:52 authMW.go:40: 权限不足
2023/04/22 23:54:52 authMW.go:40: 权限不足
2023/04/22 23:54:52 authMW.go:40: 权限不足
2023/04/22 23:54:52 authMW.go:40: 权限不足
2023/04/22 23:54:52 authMW.go:40: 权限不足
2023/04/22 23:54:52 authMW.go:40: 权限不足
2023/04/22 23:54:52 authMW.go:40: 权限不足
2023/04/22 23:54:52 authMW.go:40: 权限不足
2023/04/22 23:54:52 authMW.go:40: 权限不足
2023/04/22 23:54:52 authMW.go:40: 权限不足
2023/04/22 23:54:52 authMW.go:40: 权限不足
2023/04/22 23:54:52 authMW.go:40: 权限不足
2023/04/22 23:54:52 authMW.go:40: 权限不足
2023/04/22 23:54:52 authMW.go:40: 权限不足
2023/04/22 23:54:52 authMW.go:40: 权限不足
2023/04/22 23:54:52 authMW.go:40: 权限不足
2023/04/22 23:54:52 authMW.go:40: 权限不足
2023/04/22 23:54:52 authMW.go:40: 权限不足
2023/04/22 23:54:52 authMW.go:40: 权限不足
2023/04/22 23:54:52 authMW.go:40: 权限不足
2023/04/22 23:54:52 authMW.go:40: 权限不足
2023/04/22 23:54:52 authMW.go:40: 权限不足
2023/04/22 23:54:52 authMW.go:40: 权限不足
2023/04/22 23:54:52 authMW.go:40: 权限不足
2023/04/22 23:54:52 authMW.go:40: 权限不足
2023/04/22 23:54:52 authMW.go:40: 权限不足
2023/04/22 23:54:52 authMW.go:40: 权限不足
2023/04/22 23:54:52 authMW.go:40: 权限不足
2023/04/22 23:54:52 authMW.go:40: 权限不足
2023/04/22 23:54:52 authMW.go:40: 权限不足
2023/04/22 23:54:52 authMW.go:40: 权限不足
2023/04/22 23:54:52 authMW.go:40: 权限不足
2023/04/22 23:54:52 authMW.go:40: 权限不足
2023/04/22 23:54:52 authMW.go:40: 权限不足
2023/04/22 23:54:52 authMW.go:40: 权限不足
2023/04/22 23:54:52 authMW.go:40: 权限不足
2023/04/22 23:54:52 authMW.go:40: 权限不足
2023/04/22 23:54:52 authMW.go:40: 权限不足
2023/04/22 23:54:52 authMW.go:40: 权限不足
2023/04/22 23:54:52 authMW.go:40: 权限不足
2023/04/22 23:54:52 authMW.go:40: 权限不足
2023/04/22 23:54:52 authMW.go:40: 权限不足
2023/04/22 23:54:52 authMW.go:40: 权限不足
2023/04/22 23:54:52 authMW.go:40: 权限不足
2023/04/22 23:54:52 authMW.go:40: 权限不足
2023/04/22 23:54:52 authMW.go:40: 权限不足
2023/04/22 23:54:52 authMW.go:40: 权限不足
2023/04/22 23:54:52 authMW.go:40: 权限不足
2023/04/22 23:54:52 authMW.go:40: 权限不足
2023/04/22 23:54:52 authMW.go:40: 权限不足
2023/04/22 23:54:52 authMW.go:40: 权限不足
2023/04/22 23:54:52 authMW.go:40: 权限不足
2023/04/22 23:54:52 authMW.go:40: 权限不足
2023/04/22 23:54:52 authMW.go:40: 权限不足
2023/04/22 23:54:52 authMW.go:40: 权限不足
2023/04/22 23:54:52 authMW.go:40: 权限不足
2023/04/22 23:56:04 adminCtrl.go:58: admin login
2023/04/22 23:56:42 adminCtrl.go:58: admin login
2023/04/22 23:57:20 config.go:108: 读取设置
2023/04/22 23:58:11 adminCtrl.go:58: admin login
2023/04/22 23:58:46 client.go:55: Failed to close write tcp 127.0.0.1:8080->127.0.0.1:61058: wsasend: An established connection was aborted by the software in your host machine.
2023/04/22 23:58:57 config.go:108: 读取设置
2023/04/23 00:00:19 adminCtrl.go:58: admin login
2023/04/23 00:00:19 client.go:55: Failed to close write tcp 127.0.0.1:8080->127.0.0.1:61142: wsasend: An established connection was aborted by the software in your host machine.
2023/04/23 00:00:38 client.go:55: Failed to close write tcp 127.0.0.1:8080->127.0.0.1:61221: wsasend: An established connection was aborted by the software in your host machine.
2023/04/23 00:01:15 adminCtrl.go:58: admin login
2023/04/23 00:01:16 client.go:55: Failed to close write tcp 127.0.0.1:8080->127.0.0.1:61272: wsasend: An established connection was aborted by the software in your host machine.
2023/04/23 00:01:35 client.go:55: Failed to close write tcp 127.0.0.1:8080->127.0.0.1:61307: wsasend: An established connection was aborted by the software in your host machine.
2023/04/23 00:01:53 adminCtrl.go:58: admin login
2023/04/23 00:02:32 adminCtrl.go:58: admin login
2023/04/23 00:02:32 client.go:55: Failed to close write tcp 127.0.0.1:8080->127.0.0.1:61397: wsasend: An established connection was aborted by the software in your host machine.
2023/04/23 19:07:52 config.go:108: 读取设置
2023/04/23 19:08:30 authMW.go:40: 权限不足
2023/04/23 19:08:35 adminCtrl.go:58: admin login
2023/04/23 19:09:31 adminCtrl.go:58: admin login
2023/04/23 19:16:20 config.go:108: 读取设置
2023/04/23 19:16:35 adminCtrl.go:58: admin login
2023/04/23 19:17:45 config.go:108: 读取设置
2023/04/23 19:18:31 adminCtrl.go:58: admin login
2023/04/23 19:18:57 adminCtrl.go:58: admin login
2023/04/23 19:25:06 adminCtrl.go:58: admin login
2023/04/23 19:25:18 client.go:55: Failed to close write tcp 192.168.3.105:8080->192.168.3.121:55522: wsasend: An established connection was aborted by the software in your host machine.
2023/04/23 19:25:36 adminCtrl.go:58: admin login
2023/04/23 19:27:26 client.go:55: Failed to close write tcp 192.168.3.105:8080->192.168.3.121:57013: wsasend: An established connection was aborted by the software in your host machine.
2023/04/23 19:28:25 client.go:55: Failed to close write tcp 192.168.3.105:8080->192.168.3.121:57060: wsasend: An established connection was aborted by the software in your host machine.
2023/04/23 19:28:40 adminCtrl.go:58: admin login
2023/04/23 19:31:41 client.go:55: Failed to close write tcp 192.168.3.105:8080->192.168.3.121:65228: wsasend: An established connection was aborted by the software in your host machine.
2023/04/23 19:31:41 client.go:55: Failed to close write tcp 192.168.3.105:8080->192.168.3.121:65247: wsasend: An established connection was aborted by the software in your host machine.
2023/04/23 19:33:32 client.go:55: Failed to close write tcp 192.168.3.105:8080->192.168.3.121:51359: wsasend: An established connection was aborted by the software in your host machine.
2023/04/23 19:33:59 adminCtrl.go:58: admin login
2023/04/23 19:39:32 adminCtrl.go:58: admin login
2023/04/23 19:40:42 adminCtrl.go:58: admin login
2023/04/23 19:40:42 client.go:55: Failed to close write tcp 192.168.3.105:8080->192.168.3.105:56131: wsasend: An established connection was aborted by the software in your host machine.
2023/04/23 19:41:16 client.go:55: Failed to close write tcp 192.168.3.105:8080->192.168.3.105:56480: wsasend: An established connection was aborted by the software in your host machine.
2023/04/23 19:43:20 adminCtrl.go:58: admin login
2023/04/24 14:54:39 config.go:108: 读取设置
2023/04/24 14:54:43 config.go:108: 读取设置
2023/04/24 14:55:02 config.go:108: 读取设置
2023/04/24 14:56:47 adminCtrl.go:58: admin login
2023/04/24 14:56:47 authMW.go:40: 权限不足
2023/04/24 14:56:48 authMW.go:40: 权限不足
2023/04/24 14:56:52 authMW.go:40: 权限不足
2023/04/24 14:56:52 authMW.go:40: 权限不足
2023/04/24 14:56:52 authMW.go:40: 权限不足
2023/04/24 14:56:52 authMW.go:40: 权限不足
2023/04/24 14:56:54 authMW.go:40: 权限不足
2023/04/24 14:56:55 authMW.go:40: 权限不足
2023/04/24 14:56:55 authMW.go:40: 权限不足
2023/04/24 14:56:55 authMW.go:40: 权限不足
2023/04/24 14:56:55 authMW.go:40: 权限不足
2023/04/24 14:57:18 imageCtrl.go:79: error during connect: Get "http://192.168.154.128:2375/v1.41/images/json": dial tcp 192.168.154.128:2375: connectex: A connection attempt failed because the connected party did not properly respond after a period of time, or established connection failed because connected host has failed to respond.
